# JRE version: OpenJDK Runtime Environment Temurin-17.0.4.1+1 (17.0.4.1+1) (build 17.0.4.1+1)
# Java VM: OpenJDK 64-Bit Server VM Temurin-17.0.4.1+1 (17.0.4.1+1, mixed mode, sharing, tiered, compressed oops, compressed class ptrs, g1 gc, windows-amd64)
GC Precious Log:
 CPUs: 8 total, 8 available
 Memory: 8029M
 Large Page Support: Disabled
 NUMA Support: Disabled
 Compressed Oops: Enabled (32-bit)
 Heap Region Size: 1M
 Heap Min Capacity: 8M
 Heap Initial Capacity: 126M
 Heap Max Capacity: 2008M
 Pre-touch: Disabled
 Parallel Workers: 8
 Concurrent Workers: 2
 Concurrent Refinement Workers: 8
 Periodic GC: Disabled
Heap:
 garbage-first heap   total 216064K, used 122469K [0x0000000082800000, 0x0000000100000000)
  region size 1024K, 4 young (4096K), 4 survivors (4096K)
 Metaspace       used 20460K, committed 20672K, reserved 1073152K
  class space    used 2288K, committed 2368K, reserved 1048576K
GC Heap History (20 events):
Event: 54.824 GC heap after
{Heap after GC invocations=5 (full 0):
 garbage-first heap   total 129024K, used 58996K [0x0000000082800000, 0x0000000100000000)
  region size 1024K, 1 young (1024K), 1 survivors (1024K)
 Metaspace       used 19515K, committed 19776K, reserved 1073152K
  class space    used 2194K, committed 2304K, reserved 1048576K
}
Event: 54.836 GC heap before
{Heap before GC invocations=6 (full 0):
 garbage-first heap   total 129024K, used 64116K [0x0000000082800000, 0x0000000100000000)
  region size 1024K, 5 young (5120K), 1 survivors (1024K)
 Metaspace       used 19515K, committed 19776K, reserved 1073152K
  class space    used 2194K, committed 2304K, reserved 1048576K
}
Event: 54.837 GC heap after
{Heap after GC invocations=7 (full 0):
 garbage-first heap   total 129024K, used 60736K [0x0000000082800000, 0x0000000100000000)
  region size 1024K, 1 young (1024K), 1 survivors (1024K)
 Metaspace       used 19515K, committed 19776K, reserved 1073152K
  class space    used 2194K, committed 2304K, reserved 1048576K
}
Event: 57.363 GC heap before
{Heap before GC invocations=8 (full 0):
 garbage-first heap   total 129024K, used 59712K [0x0000000082800000, 0x0000000100000000)
  region size 1024K, 5 young (5120K), 1 survivors (1024K)
 Metaspace       used 19825K, committed 20096K, reserved 1073152K
  class space    used 2226K, committed 2368K, reserved 1048576K
}
Event: 57.364 GC heap after
{Heap after GC invocations=9 (full 0):
 garbage-first heap   total 129024K, used 57073K [0x0000000082800000, 0x0000000100000000)
  region size 1024K, 1 young (1024K), 1 survivors (1024K)
 Metaspace       used 19825K, committed 20096K, reserved 1073152K
  class space    used 2226K, committed 2368K, reserved 1048576K
}
Event: 63.980 GC heap before
{Heap before GC invocations=9 (full 0):
 garbage-first heap   total 129024K, used 68337K [0x0000000082800000, 0x0000000100000000)
  region size 1024K, 13 young (13312K), 1 survivors (1024K)
 Metaspace       used 20146K, committed 20416K, reserved 1073152K
  class space    used 2257K, committed 2368K, reserved 1048576K
}
Event: 63.982 GC heap after
{Heap after GC invocations=10 (full 0):
 garbage-first heap   total 129024K, used 61674K [0x0000000082800000, 0x0000000100000000)
  region size 1024K, 5 young (5120K), 5 survivors (5120K)
 Metaspace       used 20146K, committed 20416K, reserved 1073152K
  class space    used 2257K, committed 2368K, reserved 1048576K
}
Event: 64.004 GC heap before
{Heap before GC invocations=11 (full 0):
 garbage-first heap   total 129024K, used 68842K [0x0000000082800000, 0x0000000100000000)
  region size 1024K, 9 young (9216K), 5 survivors (5120K)
 Metaspace       used 20197K, committed 20480K, reserved 1073152K
  class space    used 2261K, committed 2368K, reserved 1048576K
}
Event: 64.044 GC heap after
{Heap after GC invocations=12 (full 0):
 garbage-first heap   total 216064K, used 65157K [0x0000000082800000, 0x0000000100000000)
  region size 1024K, 3 young (3072K), 3 survivors (3072K)
 Metaspace       used 20197K, committed 20480K, reserved 1073152K
  class space    used 2261K, committed 2368K, reserved 1048576K
}
Event: 73.725 GC heap before
{Heap before GC invocations=12 (full 0):
 garbage-first heap   total 216064K, used 136837K [0x0000000082800000, 0x0000000100000000)
  region size 1024K, 41 young (41984K), 3 survivors (3072K)
 Metaspace       used 20437K, committed 20608K, reserved 1073152K
  class space    used 2288K, committed 2368K, reserved 1048576K
}
Event: 73.727 GC heap after
{Heap after GC invocations=13 (full 0):
 garbage-first heap   total 216064K, used 99912K [0x0000000082800000, 0x0000000100000000)
  region size 1024K, 4 young (4096K), 4 survivors (4096K)
 Metaspace       used 20437K, committed 20608K, reserved 1073152K
  class space    used 2288K, committed 2368K, reserved 1048576K
}
Event: 73.781 GC heap before
{Heap before GC invocations=13 (full 0):
 garbage-first heap   total 216064K, used 105032K [0x0000000082800000, 0x0000000100000000)
  region size 1024K, 8 young (8192K), 4 survivors (4096K)
 Metaspace       used 20437K, committed 20608K, reserved 1073152K
  class space    used 2288K, committed 2368K, reserved 1048576K
}
Event: 73.783 GC heap after
{Heap after GC invocations=14 (full 0):
 garbage-first heap   total 216064K, used 102088K [0x0000000082800000, 0x0000000100000000)
  region size 1024K, 5 young (5120K), 5 survivors (5120K)
 Metaspace       used 20437K, committed 20608K, reserved 1073152K
  class space    used 2288K, committed 2368K, reserved 1048576K
}
Event: 73.819 GC heap before
{Heap before GC invocations=15 (full 0):
 garbage-first heap   total 216064K, used 119496K [0x0000000082800000, 0x0000000100000000)
  region size 1024K, 15 young (15360K), 5 survivors (5120K)
 Metaspace       used 20437K, committed 20608K, reserved 1073152K
  class space    used 2288K, committed 2368K, reserved 1048576K
}
Event: 73.820 GC heap after
{Heap after GC invocations=16 (full 0):
 garbage-first heap   total 216064K, used 110198K [0x0000000082800000, 0x0000000100000000)
  region size 1024K, 4 young (4096K), 4 survivors (4096K)
 Metaspace       used 20437K, committed 20608K, reserved 1073152K
  class space    used 2288K, committed 2368K, reserved 1048576K
}
Event: 73.844 GC heap before
{Heap before GC invocations=17 (full 0):
 garbage-first heap   total 216064K, used 114294K [0x0000000082800000, 0x0000000100000000)
  region size 1024K, 7 young (7168K), 4 survivors (4096K)
 Metaspace       used 20457K, committed 20672K, reserved 1073152K
  class space    used 2288K, committed 2368K, reserved 1048576K
}
Event: 73.845 GC heap after
{Heap after GC invocations=18 (full 0):
 garbage-first heap   total 216064K, used 112228K [0x0000000082800000, 0x0000000100000000)
  region size 1024K, 4 young (4096K), 4 survivors (4096K)
 Metaspace       used 20457K, committed 20672K, reserved 1073152K
  class space    used 2288K, committed 2368K, reserved 1048576K
}
Event: 73.873 GC heap before
{Heap before GC invocations=19 (full 0):
 garbage-first heap   total 216064K, used 129636K [0x0000000082800000, 0x0000000100000000)
  region size 1024K, 14 young (14336K), 4 survivors (4096K)
 Metaspace       used 20460K, committed 20672K, reserved 1073152K
  class space    used 2288K, committed 2368K, reserved 1048576K
}
Event: 73.874 GC heap after
{Heap after GC invocations=20 (full 0):
 garbage-first heap   total 216064K, used 120445K [0x0000000082800000, 0x0000000100000000)
  region size 1024K, 4 young (4096K), 4 survivors (4096K)
 Metaspace       used 20460K, committed 20672K, reserved 1073152K
  class space    used 2288K, committed 2368K, reserved 1048576K
}
Event: 73.904 GC heap before
{Heap before GC invocations=21 (full 0):
 garbage-first heap   total 216064K, used 124541K [0x0000000082800000, 0x0000000100000000)
  region size 1024K, 7 young (7168K), 4 survivors (4096K)
 Metaspace       used 20460K, committed 20672K, reserved 1073152K
  class space    used 2288K, committed 2368K, reserved 1048576K
}

